\BOOKMARK [1][-]{section.1}{\376\377\000P\000r\000o\000b\000l\000e\000m\000\040\000s\000t\000a\000t\000e\000m\000e\000n\000t}{}% 1
\BOOKMARK [1][-]{section.2}{\376\377\000O\000b\000j\000e\000c\000t\000i\000v\000e\000s}{}% 2
\BOOKMARK [1][-]{section.3}{\376\377\000H\000i\000s\000t\000o\000r\000i\000c\000a\000l\000\040\000o\000v\000e\000r\000v\000i\000e\000w}{}% 3
\BOOKMARK [2][-]{subsection.3.1}{\376\377\000T\000e\000c\000h\000n\000o\000l\000o\000g\000y}{section.3}% 4
\BOOKMARK [2][-]{subsection.3.2}{\376\377\000M\000a\000r\000k\000e\000t\000i\000n\000g\000\040\000p\000r\000o\000g\000r\000a\000m\000s}{section.3}% 5
\BOOKMARK [2][-]{subsection.3.3}{\376\377\000U\000n\000c\000e\000r\000t\000a\000i\000n\000\040\000t\000i\000m\000e\000s}{section.3}% 6
\BOOKMARK [1][-]{section.4}{\376\377\000L\000i\000t\000e\000r\000a\000t\000u\000r\000e\000\040\000r\000e\000v\000i\000e\000w}{}% 7
\BOOKMARK [1][-]{section.5}{\376\377\000D\000a\000t\000a}{}% 8
\BOOKMARK [1][-]{section.6}{\376\377\000D\000a\000t\000a\000\040\000v\000i\000s\000u\000a\000l\000i\000z\000a\000t\000i\000o\000n\000s}{}% 9
\BOOKMARK [2][-]{subsection.6.1}{\376\377\000E\000n\000t\000i\000r\000e\000\040\000s\000a\000m\000p\000l\000e}{section.6}% 10
\BOOKMARK [2][-]{subsection.6.2}{\376\377\000Y\000o\000u\000n\000g\000e\000r\000\040\000v\000s\000\040\000o\000l\000d\000e\000r\000\040\000g\000e\000n\000e\000r\000a\000t\000i\000o\000n}{section.6}% 11
\BOOKMARK [1][-]{section.7}{\376\377\000S\000t\000a\000t\000i\000s\000t\000i\000c\000a\000l\000\040\000m\000e\000t\000h\000o\000d}{}% 12
\BOOKMARK [1][-]{section.8}{\376\377\000R\000e\000s\000u\000l\000t\000s\000\040\000a\000n\000d\000\040\000d\000i\000s\000c\000u\000s\000s\000i\000o\000n}{}% 13
\BOOKMARK [2][-]{subsection.8.1}{\376\377\000P\000r\000o\000b\000i\000t\000\040\000m\000o\000d\000e\000l}{section.8}% 14
\BOOKMARK [2][-]{subsection.8.2}{\376\377\000P\000o\000t\000e\000n\000t\000i\000a\000l\000\040\000a\000l\000t\000e\000r\000n\000a\000t\000i\000v\000e\000\040\000s\000t\000a\000t\000i\000s\000t\000i\000c\000a\000l\000\040\000m\000e\000t\000h\000o\000d}{section.8}% 15
\BOOKMARK [1][-]{section.9}{\376\377\000L\000i\000m\000i\000t\000a\000t\000i\000o\000n\000s}{}% 16
\BOOKMARK [1][-]{section.10}{\376\377\000C\000o\000n\000c\000l\000u\000s\000i\000o\000n}{}% 17
\BOOKMARK [1][-]{appendix.1.A}{\376\377\000S\000u\000m\000m\000a\000r\000y\000\040\000s\000t\000a\000t\000i\000s\000t\000i\000c\000s}{}% 18
\BOOKMARK [1][-]{appendix.1.B}{\376\377\000S\000e\000l\000f\000-\000r\000e\000p\000o\000r\000t\000e\000d\000\040\000k\000n\000o\000w\000l\000e\000d\000g\000e\000\040\000o\000f\000\040\000m\000a\000r\000k\000e\000t\000i\000n\000g\000\040\000m\000e\000t\000h\000o\000d\000s}{}% 19
\BOOKMARK [1][-]{appendix.1.C}{\376\377\000Y\000o\000u\000n\000g\000e\000r\000\040\000g\000e\000n\000e\000r\000a\000t\000i\000o\000n\000\040\000\050\000m\000o\000d\000e\000l\000\040\0001\000\051}{}% 20
\BOOKMARK [1][-]{appendix.1.D}{\376\377\000O\000l\000d\000e\000r\000\040\000g\000e\000n\000e\000r\000a\000t\000i\000o\000n\000\040\000\050\000m\000o\000d\000e\000l\000\040\0001\000\051}{}% 21
\BOOKMARK [1][-]{table.8}{\376\377\000R\000e\000f\000e\000r\000e\000n\000c\000e\000s}{}% 22
